<?xml version="1.0" encoding="UTF-8"?>
<!-- Generated by org.testng.reporters.JUnitReportReporter -->
<testsuite skipped="1" hostname="DESKTOP-ST7OKVD" name="TESTNG.Test1" tests="4" failures="0" timestamp="13 三月 2017 11:51:42 GMT" time="0.016" errors="0">
  <testcase name="four" time="0.009" classname="TESTNG.Test1"/>
  <testcase name="two" time="0.005" classname="TESTNG.Test1"/>
  <testcase name="one" time="0.002" classname="TESTNG.Test1"/>
  <testcase name="Three" classname="TESTNG.Test1">
    <skipped/>
  </testcase> <!-- Three -->
</testsuite> <!-- TESTNG.Test1 -->
