<?xml version="1.0" encoding="UTF-8"?>
<!-- Generated by org.testng.reporters.JUnitReportReporter -->
<testsuite skipped="0" hostname="DESKTOP-ST7OKVD" name="TESTNG.ttt" tests="2" failures="0" timestamp="13 三月 2017 12:05:13 GMT" time="0.008" errors="0">
  <testcase name="f" time="0.001" classname="TESTNG.ttt"/>
  <testcase name="f" time="0.007" classname="TESTNG.ttt"/>
</testsuite> <!-- TESTNG.ttt -->
