<?xml version="1.0" encoding="UTF-8"?>
<!-- Generated by org.testng.reporters.JUnitReportReporter -->
<testsuite skipped="0" hostname="DESKTOP-ST7OKVD" name="TESTNG.NewTest" tests="1" failures="0" timestamp="20 三月 2017 03:06:42 GMT" time="0.001" errors="0">
  <testcase name="f2" time="0.001" classname="TESTNG.NewTest"/>
</testsuite> <!-- TESTNG.NewTest -->
