<?xml version="1.0" encoding="UTF-8"?>
<!-- Generated by org.testng.reporters.JUnitReportReporter -->
<testsuite skipped="0" hostname="DESKTOP-ST7OKVD" name="TESTNG.CreateDataProvider" tests="2" failures="0" timestamp="14 三月 2017 02:13:54 GMT" time="0.011" errors="0">
  <testcase name="test" time="0.003" classname="TESTNG.CreateDataProvider"/>
  <testcase name="test" time="0.008" classname="TESTNG.CreateDataProvider"/>
</testsuite> <!-- TESTNG.CreateDataProvider -->
