<?xml version="1.0" encoding="UTF-8"?>
<!-- Generated by org.testng.reporters.JUnitReportReporter -->
<testsuite skipped="0" hostname="DESKTOP-ST7OKVD" name="TESTNG.Dependent" tests="3" failures="0" timestamp="14 三月 2017 02:15:02 GMT" time="0.013" errors="0">
  <testcase name="Logout" time="0.003" classname="TESTNG.Dependent"/>
  <testcase name="OpenBrower" time="0.009" classname="TESTNG.Dependent"/>
  <testcase name="Login" time="0.001" classname="TESTNG.Dependent"/>
</testsuite> <!-- TESTNG.Dependent -->
